<?xml version="1.0" encoding="UTF-8"?>
<!-- Generated by org.testng.reporters.JUnitReportReporter -->
<testsuite hostname="DESKTOP-U7APJPA" failures="0" tests="1" name="com.qa.iris.om.addorder.OM_ExportAllData" time="48.581" errors="0" timestamp="2023-11-28T09:25:14 IST" skipped="0">
  <testcase classname="com.qa.iris.om.addorder.OM_ExportAllData" name="TC_OM_AddOrder_11_ViewOrderDetails" time="48.581"/>
  <system-out/>
</testsuite> <!-- com.qa.iris.om.addorder.OM_ExportAllData -->
