<?xml version="1.0" encoding="UTF-8"?>
<!-- Generated by org.testng.reporters.JUnitReportReporter -->
<testsuite hostname="DESKTOP-U7APJPA" failures="0" tests="1" name="com.qa.testcases.alerts.autoactions.TC_AA113" time="40.945" errors="0" timestamp="17 Aug 2022 13:39:48 GMT" skipped="0">
  <testcase classname="com.qa.testcases.alerts.autoactions.TC_AA113" name="validateExceptAsUser" time="40.945"/>
</testsuite> <!-- com.qa.testcases.alerts.autoactions.TC_AA113 -->
