<?xml version="1.0" encoding="UTF-8"?>
<!-- Generated by org.testng.reporters.JUnitReportReporter -->
<testsuite hostname="DESKTOP-U7APJPA" failures="0" tests="1" name="com.qa.iris.login.LoginTests" time="51.626" errors="0" timestamp="17 Dec 2022 06:25:28 GMT" skipped="0">
  <testcase classname="com.qa.iris.login.LoginTests" name="loginToOrderManagement" time="51.626"/>
</testsuite> <!-- com.qa.iris.login.LoginTests -->
