<?xml version="1.0" encoding="UTF-8"?>
<!-- Generated by org.testng.reporters.JUnitReportReporter -->
<testsuite hostname="DESKTOP-U7APJPA" failures="0" tests="1" name="com.qa.testcases.databricks.cost.trends.CT_04" time="24.170" errors="0" timestamp="29 Sep 2022 17:29:36 GMT" skipped="0">
  <testcase classname="com.qa.testcases.databricks.cost.trends.CT_04" name="TC_Cost_Trends_04_VerifyTrendsOptimizeFunctionality" time="24.170"/>
</testsuite> <!-- com.qa.testcases.databricks.cost.trends.CT_04 -->
