<?xml version="1.0" encoding="UTF-8"?>
<!-- Generated by org.testng.reporters.JUnitReportReporter -->
<testsuite hostname="DESKTOP-U7APJPA" failures="0" tests="1" name="com.qa.iris.om.addorder.OM_SubmitOrder" time="47.697" errors="0" timestamp="2023-11-28T09:24:02 IST" skipped="0">
  <testcase classname="com.qa.iris.om.addorder.OM_SubmitOrder" name="TC_OM_AddOrder_14_submitOrder" time="47.697"/>
  <system-out/>
</testsuite> <!-- com.qa.iris.om.addorder.OM_SubmitOrder -->
