<?xml version="1.0" encoding="UTF-8"?>
<!-- Generated by org.testng.reporters.JUnitReportReporter -->
<testsuite hostname="DESKTOP-U7APJPA" failures="0" tests="1" name="com.qa.iris.om.TC_OM_AddOrder_02" time="87.690" errors="0" timestamp="28 Jan 2023 13:31:11 GMT" skipped="0">
  <testcase classname="com.qa.iris.om.TC_OM_AddOrder_02" name="verifyAddOrderAddressDetailPage" time="87.690"/>
</testsuite> <!-- com.qa.iris.om.TC_OM_AddOrder_02 -->
