<?xml version="1.0" encoding="UTF-8"?>
<!-- Generated by org.testng.reporters.JUnitReportReporter -->
<testsuite hostname="DESKTOP-U7APJPA" failures="0" tests="1" name="com.qa.testcases.cluster.yarn.chargeback.YC_019_020" time="48.888" errors="0" timestamp="09 Aug 2022 09:39:44 GMT" skipped="0">
  <testcase classname="com.qa.testcases.cluster.yarn.chargeback.YC_019_020" name="YC_019_verifyYarnChargeBackPageAndClustersId" time="48.888"/>
</testsuite> <!-- com.qa.testcases.cluster.yarn.chargeback.YC_019_020 -->
