<?xml version="1.0" encoding="UTF-8"?>
<!-- Generated by org.testng.reporters.JUnitReportReporter -->
<testsuite hostname="DESKTOP-U7APJPA" failures="0" tests="1" name="com.qa.testcases.cluster.impala.resources.IM_RES_15" time="115.902" errors="0" timestamp="08 Sep 2022 14:02:16 GMT" skipped="0">
  <testcase classname="com.qa.testcases.cluster.impala.resources.IM_RES_15" name="IM_RES_15_verifymemorylimiandallocationeachnodeMemoryChart" time="115.902"/>
</testsuite> <!-- com.qa.testcases.cluster.impala.resources.IM_RES_15 -->
