<?xml version="1.0" encoding="UTF-8"?>
<!-- Generated by org.testng.reporters.JUnitReportReporter -->
<testsuite hostname="DESKTOP-U7APJPA" failures="0" tests="1" name="com.qa.testcases.cluster.impala.resources.IM_RES_02" time="123.786" errors="0" timestamp="10 Aug 2022 11:26:57 GMT" skipped="0">
  <testcase classname="com.qa.testcases.cluster.impala.resources.IM_RES_02" name="IM_RES_02_verifyIfGraphDisplayedForMemoryConsumptionAndQuery" time="123.786"/>
</testsuite> <!-- com.qa.testcases.cluster.impala.resources.IM_RES_02 -->
