<?xml version="1.0" encoding="UTF-8"?>
<!-- Generated by org.testng.reporters.JUnitReportReporter -->
<testsuite hostname="DESKTOP-U7APJPA" failures="0" tests="1" name="com.qa.testcases.cluster.hbase.TC_HB_71" time="20.612" errors="0" timestamp="22 Apr 2022 07:54:36 GMT" skipped="0">
  <testcase classname="com.qa.testcases.cluster.hbase.TC_HB_71" name="verifyHBaseMultiClusterWithCDH" time="20.612"/>
</testsuite> <!-- com.qa.testcases.cluster.hbase.TC_HB_71 -->
