<?xml version="1.0" encoding="UTF-8"?>
<!-- Generated by org.testng.reporters.JUnitReportReporter -->
<testsuite hostname="DESKTOP-U7APJPA" failures="0" tests="1" name="com.qa.testcases.cluster.impala.chargeback.TC_CB_11" time="96.062" errors="0" timestamp="11 Aug 2022 05:00:08 GMT" skipped="0">
  <testcase classname="com.qa.testcases.cluster.impala.chargeback.TC_CB_11" name="validateGroupByRealUserImpalaChargeback" time="96.062"/>
</testsuite> <!-- com.qa.testcases.cluster.impala.chargeback.TC_CB_11 -->
