<?xml version="1.0" encoding="UTF-8"?>
<!-- Generated by org.testng.reporters.JUnitReportReporter -->
<testsuite hostname="DESKTOP-U7APJPA" failures="0" tests="2" name="com.qa.testcases.emr.cluster.insights.TC_CI_05" time="10.379" errors="1" timestamp="02 Jul 2022 05:55:47 GMT" skipped="0">
  <testcase classname="com.qa.testcases.emr.cluster.insights.TC_CI_05" name="tearDown" time="2.120">
    <error message="java.net.UnknownHostException: No such host is known (grafanaui.unraveldata.com)" type="org.influxdb.InfluxDBIOException">
      <![CDATA[org.influxdb.InfluxDBIOException: java.net.UnknownHostException: No such host is known (grafanaui.unraveldata.com)
at org.influxdb.impl.InfluxDBImpl.parseHost(InfluxDBImpl.java:237)
at org.influxdb.impl.InfluxDBImpl.<init>(InfluxDBImpl.java:147)
at org.influxdb.impl.InfluxDBImpl.<init>(InfluxDBImpl.java:123)
at org.influxdb.impl.InfluxDBImpl.<init>(InfluxDBImpl.java:187)
at org.influxdb.InfluxDBFactory.connect(InfluxDBFactory.java:30)
at com.qa.connections.db.InfluxDBClient.<init>(InfluxDBClient.java:27)
at com.qa.connections.db.InfluxDBClient.getConnection(InfluxDBClient.java:42)
at com.qa.base.BaseClass.tearDown(BaseClass.java:157)
at java.base/jdk.internal.reflect.NativeMethodAccessorImpl.invoke0(Native Method)
at java.base/jdk.internal.reflect.NativeMethodAccessorImpl.invoke(NativeMethodAccessorImpl.java:62)
at java.base/jdk.internal.reflect.DelegatingMethodAccessorImpl.invoke(DelegatingMethodAccessorImpl.java:43)
at java.base/java.lang.reflect.Method.invoke(Method.java:566)
at org.testng.internal.MethodInvocationHelper.invokeMethod(MethodInvocationHelper.java:124)
at org.testng.internal.MethodInvocationHelper.invokeMethodConsideringTimeout(MethodInvocationHelper.java:59)
at org.testng.internal.Invoker.invokeConfigurationMethod(Invoker.java:458)
at org.testng.internal.Invoker.invokeConfigurations(Invoker.java:222)
at org.testng.internal.Invoker.invokeConfigurations(Invoker.java:142)
at org.testng.SuiteRunner.privateRun(SuiteRunner.java:425)
at org.testng.SuiteRunner.run(SuiteRunner.java:364)
at org.testng.SuiteRunnerWorker.runSuite(SuiteRunnerWorker.java:52)
at org.testng.SuiteRunnerWorker.run(SuiteRunnerWorker.java:84)
at org.testng.TestNG.runSuitesSequentially(TestNG.java:1208)
at org.testng.TestNG.runSuitesLocally(TestNG.java:1137)
at org.testng.TestNG.runSuites(TestNG.java:1049)
at org.testng.TestNG.run(TestNG.java:1017)
at org.testng.remote.AbstractRemoteTestNG.run(AbstractRemoteTestNG.java:115)
at org.testng.remote.RemoteTestNG.initAndRun(RemoteTestNG.java:251)
at org.testng.remote.RemoteTestNG.main(RemoteTestNG.java:77)
Caused by: java.net.UnknownHostException: No such host is known (grafanaui.unraveldata.com)
at java.base/java.net.Inet6AddressImpl.lookupAllHostAddr(Native Method)
at java.base/java.net.InetAddress$PlatformNameService.lookupAllHostAddr(InetAddress.java:929)
at java.base/java.net.InetAddress.getAddressesFromNameService(InetAddress.java:1515)
at java.base/java.net.InetAddress$NameServiceAddresses.get(InetAddress.java:848)
at java.base/java.net.InetAddress.getAllByName0(InetAddress.java:1505)
at java.base/java.net.InetAddress.getAllByName(InetAddress.java:1364)
at java.base/java.net.InetAddress.getAllByName(InetAddress.java:1298)
at java.base/java.net.InetAddress.getByName(InetAddress.java:1248)
at org.influxdb.impl.InfluxDBImpl.parseHost(InfluxDBImpl.java:235)
... 27 more
]]>
    </error>
  </testcase> <!-- tearDown -->
  <testcase classname="com.qa.testcases.emr.cluster.insights.TC_CI_05" name="TC_CI_05_validateSearchViaClusterStatus" time="8.259"/>
</testsuite> <!-- com.qa.testcases.emr.cluster.insights.TC_CI_05 -->
