<?xml version="1.0" encoding="UTF-8"?>
<!-- Generated by org.testng.reporters.JUnitReportReporter -->
<testsuite hostname="DESKTOP-U7APJPA" failures="0" tests="1" name="com.qa.iris.om.TC_OM_AddOrder_05" time="96.579" errors="0" timestamp="03 Feb 2023 14:15:26 GMT" skipped="0">
  <testcase classname="com.qa.iris.om.TC_OM_AddOrder_05" name="TC_OM_AddOrder_05_deleteNewOrder" time="96.579"/>
</testsuite> <!-- com.qa.iris.om.TC_OM_AddOrder_05 -->
