<?xml version="1.0" encoding="UTF-8"?>
<!-- Generated by org.testng.reporters.JUnitReportReporter -->
<testsuite hostname="DESKTOP-U7APJPA" failures="0" tests="1" name="com.qa.testcases.emr.clusters.TC_CL_02" time="41.372" errors="0" timestamp="14 Sep 2022 13:49:57 GMT" skipped="0">
  <testcase classname="com.qa.testcases.emr.clusters.TC_CL_02" name="TC_CL_02_VerifyDatePickerForEMR" time="41.372"/>
</testsuite> <!-- com.qa.testcases.emr.clusters.TC_CL_02 -->
