<?xml version="1.0" encoding="UTF-8"?>
<!-- Generated by org.testng.reporters.JUnitReportReporter -->
<testsuite hostname="DESKTOP-U7APJPA" failures="0" tests="1" name="com.qa.testcases.emr.cluster.jobtrends.TC_CJT_09" time="14.940" errors="0" timestamp="05 Aug 2022 07:15:40 GMT" skipped="0">
  <testcase classname="com.qa.testcases.emr.cluster.jobtrends.TC_CJT_09" name="TC_CJT_09_VerifyGraphForCluster" time="14.940"/>
</testsuite> <!-- com.qa.testcases.emr.cluster.jobtrends.TC_CJT_09 -->
