<?xml version="1.0" encoding="UTF-8"?>
<!-- Generated by org.testng.reporters.JUnitReportReporter -->
<testsuite hostname="DESKTOP-U7APJPA" failures="0" tests="1" name="com.qa.iris.om.addorder.OM_VerifyMultipleShipToFunctionality" time="179.034" errors="0" timestamp="2023-11-28T19:56:56 IST" skipped="0">
  <testcase classname="com.qa.iris.om.addorder.OM_VerifyMultipleShipToFunctionality" name="TC_OM_AddOrder_15_MultipleShipTo" time="179.034"/>
  <system-out/>
</testsuite> <!-- com.qa.iris.om.addorder.OM_VerifyMultipleShipToFunctionality -->
