<?xml version="1.0" encoding="UTF-8"?>
<!-- Generated by org.testng.reporters.JUnitReportReporter -->
<testsuite hostname="DESKTOP-U7APJPA" failures="0" tests="1" name="com.qa.base.Main" time="3.079" errors="0" timestamp="20 Dec 2022 14:43:59 GMT" skipped="0">
  <testcase classname="com.qa.base.Main" name="main" time="3.079"/>
</testsuite> <!-- com.qa.base.Main -->
