<?xml version="1.0" encoding="UTF-8"?>
<!-- Generated by org.testng.reporters.JUnitReportReporter -->
<testsuite hostname="DESKTOP-U7APJPA" failures="0" tests="1" name="com.qa.iris.om.TC_OM_AddOrder_01" time="111.258" errors="0" timestamp="03 Feb 2023 14:15:26 GMT" skipped="0">
  <testcase classname="com.qa.iris.om.TC_OM_AddOrder_01" name="TC_OM_AddOrder_01_verifyAddOrderMasterDetailPage" time="111.258"/>
</testsuite> <!-- com.qa.iris.om.TC_OM_AddOrder_01 -->
