<?xml version="1.0" encoding="UTF-8"?>
<!-- Generated by org.testng.reporters.JUnitReportReporter -->
<testsuite hostname="DESKTOP-U7APJPA" failures="0" tests="2" name="com.qa.testcases.cluster.impala.chargeback.TC_CB_51" time="76.471" errors="0" timestamp="11 Aug 2022 05:00:08 GMT" skipped="0">
  <testcase classname="com.qa.testcases.cluster.impala.chargeback.TC_CB_51" name="TC_CB_51_VerifyTotalCPUAndMemoryHoursOfTable" time="65.536"/>
  <testcase classname="com.qa.testcases.cluster.impala.chargeback.TC_CB_51" name="verifyMemoryCost" time="10.935"/>
</testsuite> <!-- com.qa.testcases.cluster.impala.chargeback.TC_CB_51 -->
