<?xml version="1.0" encoding="UTF-8"?>
<!-- Generated by org.testng.reporters.JUnitReportReporter -->
<testsuite hostname="DESKTOP-U7APJPA" failures="0" tests="1" name="com.qa.testcases.databricks.reports.topx.TR_12" time="38.773" errors="0" timestamp="17 Jun 2022 10:36:42 GMT" skipped="0">
  <testcase classname="com.qa.testcases.databricks.reports.topx.TR_12" name="TopX_Reports_12_ValidateLongestDurationTableSet" time="38.773"/>
</testsuite> <!-- com.qa.testcases.databricks.reports.topx.TR_12 -->
