<?xml version="1.0" encoding="UTF-8"?>
<!-- Generated by org.testng.reporters.JUnitReportReporter -->
<testsuite hostname="DESKTOP-U7APJPA" failures="0" tests="1" name="com.qa.iris.om.TC_OM_AddOrder_06" time="195.307" errors="0" timestamp="03 Feb 2023 16:12:31 GMT" skipped="0">
  <testcase classname="com.qa.iris.om.TC_OM_AddOrder_06" name="TC_OM_AddOrder_06_createNewBuildOrder" time="195.307"/>
</testsuite> <!-- com.qa.iris.om.TC_OM_AddOrder_06 -->
