<?xml version="1.0" encoding="UTF-8"?>
<!-- Generated by org.testng.reporters.JUnitReportReporter -->
<testsuite hostname="DESKTOP-U7APJPA" failures="0" tests="1" name="com.qa.iris.om.TC_OM_AddOrder_02" time="82.701" errors="0" timestamp="03 Feb 2023 14:15:27 GMT" skipped="0">
  <testcase classname="com.qa.iris.om.TC_OM_AddOrder_02" name="TC_OM_AddOrder_02_verifyAddOrderAddressDetailPage" time="82.701"/>
</testsuite> <!-- com.qa.iris.om.TC_OM_AddOrder_02 -->
