<?xml version="1.0" encoding="UTF-8"?>
<!-- Generated by org.testng.reporters.JUnitReportReporter -->
<testsuite hostname="DESKTOP-U7APJPA" failures="0" tests="1" name="com.qa.testcases.databricks.cost.budget.CB_10" time="179.785" errors="0" timestamp="29 Sep 2022 14:55:50 GMT" skipped="0">
  <testcase classname="com.qa.testcases.databricks.cost.budget.CB_10" name="TC_Cost_Budget_10_ValidateSearchFunctionality" time="179.785"/>
</testsuite> <!-- com.qa.testcases.databricks.cost.budget.CB_10 -->
