<?xml version="1.0" encoding="UTF-8"?>
<!-- Generated by org.testng.reporters.JUnitReportReporter -->
<testsuite hostname="DESKTOP-U7APJPA" failures="0" tests="1" name="com.qa.testcases.databricks.apitokens.TC_API_04" time="4.255" errors="0" timestamp="31 Aug 2022 11:23:07 GMT" skipped="0">
  <testcase classname="com.qa.testcases.databricks.apitokens.TC_API_04" name="TC_API_04_createEmptyToken" time="4.255"/>
</testsuite> <!-- com.qa.testcases.databricks.apitokens.TC_API_04 -->
