<?xml version="1.0" encoding="UTF-8"?>
<!-- Generated by org.testng.reporters.JUnitReportReporter -->
<testsuite hostname="DESKTOP-U7APJPA" failures="0" tests="1" name="com.qa.testcases.cluster.yarn.chargeback.YC_027" time="89.110" errors="0" timestamp="09 Aug 2022 09:39:44 GMT" skipped="0">
  <testcase classname="com.qa.testcases.cluster.yarn.chargeback.YC_027" name="YC_027_verifyGroupByTableColumnCountOnYarnChargeBackPage" time="89.110"/>
</testsuite> <!-- com.qa.testcases.cluster.yarn.chargeback.YC_027 -->
