<?xml version="1.0" encoding="UTF-8"?>
<!-- Generated by org.testng.reporters.JUnitReportReporter -->
<testsuite hostname="DESKTOP-U7APJPA" failures="0" tests="1" name="com.qa.testcases.cluster.kafka.TC_KAFKA_73" time="31.857" errors="0" timestamp="27 Apr 2022 12:56:03 GMT" skipped="0">
  <testcase classname="com.qa.testcases.cluster.kafka.TC_KAFKA_73" name="TC_KAFKA_73_verifySelectedRecordColour" time="31.857"/>
</testsuite> <!-- com.qa.testcases.cluster.kafka.TC_KAFKA_73 -->
