<?xml version="1.0" encoding="UTF-8"?>
<!-- Generated by org.testng.reporters.JUnitReportReporter -->
<testsuite hostname="DESKTOP-U7APJPA" failures="0" tests="1" name="com.qa.testcases.dbx.autoactions.TC_DBX_AA_05" time="14.514" errors="0" timestamp="17 Jun 2022 11:36:33 GMT" skipped="0">
  <testcase classname="com.qa.testcases.dbx.autoactions.TC_DBX_AA_05" name="TC_DBX_AA_05_deactivateExistingPolicy" time="14.514"/>
</testsuite> <!-- com.qa.testcases.dbx.autoactions.TC_DBX_AA_05 -->
