<?xml version="1.0" encoding="UTF-8"?>
<!-- Generated by org.testng.reporters.JUnitReportReporter -->
<testsuite hostname="DESKTOP-U7APJPA" failures="0" tests="1" name="com.qa.testcases.emr.cluster.jobtrends.TC_CJT_06" time="16.373" errors="0" timestamp="05 Aug 2022 07:15:40 GMT" skipped="0">
  <testcase classname="com.qa.testcases.emr.cluster.jobtrends.TC_CJT_06" name="TC_CJT_06_VerifyMapRGraphForGroupByApplicationType" time="16.373"/>
</testsuite> <!-- com.qa.testcases.emr.cluster.jobtrends.TC_CJT_06 -->
