<?xml version="1.0" encoding="UTF-8"?>
<!-- Generated by org.testng.reporters.JUnitReportReporter -->
<testsuite hostname="DESKTOP-U7APJPA" failures="0" tests="1" name="com.qa.testcases.databricks.reports.topx.TR_26" time="52.373" errors="0" timestamp="17 Jun 2022 10:36:42 GMT" skipped="0">
  <testcase classname="com.qa.testcases.databricks.reports.topx.TR_26" name="TopX_Reports_26_ValidateHighestMemorySparkPage" time="52.373"/>
</testsuite> <!-- com.qa.testcases.databricks.reports.topx.TR_26 -->
