<?xml version="1.0" encoding="UTF-8"?>
<!-- Generated by org.testng.reporters.JUnitReportReporter -->
<testsuite hostname="DESKTOP-U7APJPA" failures="0" tests="1" name="com.qa.testcases.alerts.autoactions.TC_AA127" time="39.313" errors="0" timestamp="17 Aug 2022 13:39:49 GMT" skipped="0">
  <testcase classname="com.qa.testcases.alerts.autoactions.TC_AA127" name="validateOneorMoreEmailAction" time="39.313"/>
</testsuite> <!-- com.qa.testcases.alerts.autoactions.TC_AA127 -->
