<?xml version="1.0" encoding="UTF-8"?>
<!-- Generated by org.testng.reporters.JUnitReportReporter -->
<testsuite hostname="DESKTOP-U7APJPA" failures="0" tests="1" name="com.qa.iris.om.purchaseorder.PO_CopyLineItem" time="94.834" errors="0" timestamp="2023-11-28T20:56:39 IST" skipped="0">
  <testcase classname="com.qa.iris.om.purchaseorder.PO_CopyLineItem" name="TC_PO_03_copyLineItemToPurchaseOrder" time="94.834"/>
  <system-out/>
</testsuite> <!-- com.qa.iris.om.purchaseorder.PO_CopyLineItem -->
