<?xml version="1.0" encoding="UTF-8"?>
<!-- Generated by org.testng.reporters.JUnitReportReporter -->
<testsuite hostname="DESKTOP-U7APJPA" failures="0" tests="1" name="com.qa.testcases.databricks.cost.chargeback.DC_28" time="28.425" errors="0" timestamp="05 Oct 2022 13:57:44 GMT" skipped="0">
  <testcase classname="com.qa.testcases.databricks.cost.chargeback.DC_28" name="TC_Cost_CB_28_VerifyDBUCountOnGeneratedGraph" time="28.425"/>
</testsuite> <!-- com.qa.testcases.databricks.cost.chargeback.DC_28 -->
