<?xml version="1.0" encoding="UTF-8"?>
<!-- Generated by org.testng.reporters.JUnitReportReporter -->
<testsuite hostname="DESKTOP-U7APJPA" failures="0" tests="1" name="com.qa.testcases.cluster.hbase.TC_HB_70" time="22.491" errors="0" timestamp="22 Apr 2022 07:54:36 GMT" skipped="0">
  <testcase classname="com.qa.testcases.cluster.hbase.TC_HB_70" name="verifyHBaseMultiClusterWithHDP" time="22.491"/>
</testsuite> <!-- com.qa.testcases.cluster.hbase.TC_HB_70 -->
