<?xml version="1.0" encoding="UTF-8"?>
<!-- Generated by org.testng.reporters.JUnitReportReporter -->
<testsuite hostname="DESKTOP-U7APJPA" failures="0" tests="1" name="com.qa.testcases.cluster.kafka.TC_KAFKA_39" time="78.309" errors="0" timestamp="27 Apr 2022 12:04:08 GMT" skipped="1">
  <testcase classname="com.qa.testcases.cluster.kafka.TC_KAFKA_39" name="TC_KAFKA_39_verifyTopicPagination" time="78.309">
    <skipped/>
  </testcase> <!-- TC_KAFKA_39_verifyTopicPagination -->
</testsuite> <!-- com.qa.testcases.cluster.kafka.TC_KAFKA_39 -->
