<?xml version="1.0" encoding="UTF-8"?>
<!-- Generated by org.testng.reporters.JUnitReportReporter -->
<testsuite hostname="DESKTOP-U7APJPA" failures="0" tests="1" name="com.qa.testcases.cluster.workload.TC_CTP_01" time="280.867" errors="0" timestamp="21 Jul 2022 08:16:19 GMT" skipped="0">
  <testcase classname="com.qa.testcases.cluster.workload.TC_CTP_01" name="validateAllTheCombinationInDatepicker" time="280.867"/>
</testsuite> <!-- com.qa.testcases.cluster.workload.TC_CTP_01 -->
