<?xml version="1.0" encoding="UTF-8"?>
<!-- Generated by org.testng.reporters.JUnitReportReporter -->
<testsuite hostname="DESKTOP-U7APJPA" failures="0" tests="1" name="com.qa.iris.om.TC_OM_AddOrder_01" time="68.453" errors="0" timestamp="01 Feb 2023 13:48:47 GMT" skipped="0">
  <testcase classname="com.qa.iris.om.TC_OM_AddOrder_01" name="verifyAddOrderMasterDetailPage" time="68.453"/>
</testsuite> <!-- com.qa.iris.om.TC_OM_AddOrder_01 -->
