<?xml version="1.0" encoding="UTF-8"?>
<!-- Generated by org.testng.reporters.JUnitReportReporter -->
<testsuite hostname="DESKTOP-U7APJPA" failures="0" tests="1" name="com.qa.testcases.databricks.compute.TC_CMP_30" time="59.154" errors="0" timestamp="08 Aug 2022 08:32:44 GMT" skipped="0">
  <testcase classname="com.qa.testcases.databricks.compute.TC_CMP_30" name="TC_Compute_30_validateComputeAsPerCustomDate" time="59.154"/>
</testsuite> <!-- com.qa.testcases.databricks.compute.TC_CMP_30 -->
