<?xml version="1.0" encoding="UTF-8"?>
<!-- Generated by org.testng.reporters.JUnitReportReporter -->
<testsuite hostname="DESKTOP-U7APJPA" failures="0" tests="1" name="com.qa.testcases.databricks.reports.archived.TA_01" time="6.743" errors="0" timestamp="16 Jun 2022 14:03:38 GMT" skipped="0">
  <testcase classname="com.qa.testcases.databricks.reports.archived.TA_01" name="AR_Reports_01_ValidateArchivedPageElements" time="6.743"/>
</testsuite> <!-- com.qa.testcases.databricks.reports.archived.TA_01 -->
