<?xml version="1.0" encoding="UTF-8"?>
<!-- Generated by org.testng.reporters.JUnitReportReporter -->
<testsuite hostname="DESKTOP-U7APJPA" failures="0" tests="1" name="com.qa.iris.om.TC_OM_AddOrder_02" time="116.960" errors="0" timestamp="01 Feb 2023 13:48:47 GMT" skipped="0">
  <testcase classname="com.qa.iris.om.TC_OM_AddOrder_02" name="verifyAddOrderAddressDetailPage" time="116.960"/>
</testsuite> <!-- com.qa.iris.om.TC_OM_AddOrder_02 -->
