<?xml version="1.0" encoding="UTF-8"?>
<!-- Generated by org.testng.reporters.JUnitReportReporter -->
<testsuite hostname="DESKTOP-U7APJPA" failures="0" tests="1" name="com.qa.iris.om.TC_OM_AddOrder_05" time="204.535" errors="0" timestamp="23 Dec 2022 13:11:31 GMT" skipped="0">
  <testcase classname="com.qa.iris.om.TC_OM_AddOrder_05" name="deleteNewOrder" time="204.535"/>
</testsuite> <!-- com.qa.iris.om.TC_OM_AddOrder_05 -->
