<?xml version="1.0" encoding="UTF-8"?>
<!-- Generated by org.testng.reporters.JUnitReportReporter -->
<testsuite hostname="DESKTOP-U7APJPA" failures="0" tests="1" name="com.qa.testcases.databricks.compute.TC_CMP_10" time="15.088" errors="0" timestamp="08 Aug 2022 08:32:44 GMT" skipped="0">
  <testcase classname="com.qa.testcases.databricks.compute.TC_CMP_10" name="TC_Compute_10_verifyAllSettingsOption" time="15.088"/>
</testsuite> <!-- com.qa.testcases.databricks.compute.TC_CMP_10 -->
