<?xml version="1.0" encoding="UTF-8"?>
<!-- Generated by org.testng.reporters.JUnitReportReporter -->
<testsuite hostname="DESKTOP-U7APJPA" failures="0" tests="1" name="com.qa.testcases.cluster.yarn.resources.YR_017" time="44.635" errors="0" timestamp="29 Aug 2022 07:42:40 GMT" skipped="0">
  <testcase classname="com.qa.testcases.cluster.yarn.resources.YR_017" name="YR_017_verifyClusterTab" time="44.635"/>
</testsuite> <!-- com.qa.testcases.cluster.yarn.resources.YR_017 -->
