<?xml version="1.0" encoding="UTF-8"?>
<!-- Generated by org.testng.reporters.JUnitReportReporter -->
<testsuite hostname="DESKTOP-U7APJPA" failures="0" tests="1" name="com.qa.iris.om.TC_OM_AddOrder_07" time="192.150" errors="0" timestamp="03 Feb 2023 16:18:27 GMT" skipped="0">
  <testcase classname="com.qa.iris.om.TC_OM_AddOrder_07" name="TC_OM_AddOrder_07_copyExistingLineItem" time="192.150"/>
</testsuite> <!-- com.qa.iris.om.TC_OM_AddOrder_07 -->
