<?xml version="1.0" encoding="UTF-8"?>
<!-- Generated by org.testng.reporters.JUnitReportReporter -->
<testsuite hostname="DESKTOP-U7APJPA" failures="0" tests="1" name="com.qa.testcases.databricks.apitokens.TC_API_03" time="7.908" errors="0" timestamp="31 Aug 2022 11:23:07 GMT" skipped="0">
  <testcase classname="com.qa.testcases.databricks.apitokens.TC_API_03" name="TC_API_03_validateCopyFunctionality" time="7.908"/>
</testsuite> <!-- com.qa.testcases.databricks.apitokens.TC_API_03 -->
