<?xml version="1.0" encoding="UTF-8"?>
<!-- Generated by org.testng.reporters.JUnitReportReporter -->
<testsuite hostname="DESKTOP-U7APJPA" failures="0" tests="1" name="com.qa.testcases.cluster.kafka.TC_KAFKA_23" time="85.181" errors="0" timestamp="27 Apr 2022 11:59:16 GMT" skipped="0">
  <testcase classname="com.qa.testcases.cluster.kafka.TC_KAFKA_23" name="TC_KAFKA_23_verifyUnderReplicatedPartitions" time="85.181"/>
</testsuite> <!-- com.qa.testcases.cluster.kafka.TC_KAFKA_23 -->
