<?xml version="1.0" encoding="UTF-8"?>
<!-- Generated by org.testng.reporters.JUnitReportReporter -->
<testsuite hostname="DESKTOP-U7APJPA" failures="0" tests="1" name="com.qa.iris.om.TC_OM_AddOrder_09" time="113.917" errors="0" timestamp="23 Nov 2022 14:36:49 GMT" skipped="0">
  <testcase classname="com.qa.iris.om.TC_OM_AddOrder_09" name="verifyCancelFunctionalForLineItem" time="113.917"/>
</testsuite> <!-- com.qa.iris.om.TC_OM_AddOrder_09 -->
