<?xml version="1.0" encoding="UTF-8"?>
<!-- Generated by org.testng.reporters.JUnitReportReporter -->
<testsuite hostname="DESKTOP-U7APJPA" failures="0" tests="1" name="com.qa.testcases.databricks.compute.TC_CMP_43" time="23.802" errors="0" timestamp="08 Aug 2022 08:32:44 GMT" skipped="0">
  <testcase classname="com.qa.testcases.databricks.compute.TC_CMP_43" name="TC_Compute_43_verifySparkDetailsForFailedJobs" time="23.802"/>
</testsuite> <!-- com.qa.testcases.databricks.compute.TC_CMP_43 -->
