<?xml version="1.0" encoding="UTF-8"?>
<!-- Generated by org.testng.reporters.JUnitReportReporter -->
<testsuite hostname="DESKTOP-U7APJPA" failures="0" tests="1" name="com.qa.testcases.cluster.yarn.resources.YR_012" time="67.679" errors="0" timestamp="29 Aug 2022 07:42:40 GMT" skipped="0">
  <testcase classname="com.qa.testcases.cluster.yarn.resources.YR_012" name="YR_012_verifyYarnResourcePageShowOnlyYarnApp" time="67.679"/>
</testsuite> <!-- com.qa.testcases.cluster.yarn.resources.YR_012 -->
