<?xml version="1.0" encoding="UTF-8"?>
<!-- Generated by org.testng.reporters.JUnitReportReporter -->
<testsuite hostname="DESKTOP-U7APJPA" failures="0" tests="1" name="com.qa.testcases.databricks.cost.budget.CB_11" time="10.276" errors="0" timestamp="29 Sep 2022 14:55:50 GMT" skipped="0">
  <testcase classname="com.qa.testcases.databricks.cost.budget.CB_11" name="TC_Cost_Budget_11_validateInvalidDbuErrorMessage" time="10.276"/>
</testsuite> <!-- com.qa.testcases.databricks.cost.budget.CB_11 -->
