<?xml version="1.0" encoding="UTF-8"?>
<!-- Generated by org.testng.reporters.JUnitReportReporter -->
<testsuite hostname="DESKTOP-U7APJPA" failures="0" tests="1" name="com.qa.testcases.cluster.kafka.TC_KAFKA_51" time="90.711" errors="0" timestamp="27 Apr 2022 12:14:02 GMT" skipped="0">
  <testcase classname="com.qa.testcases.cluster.kafka.TC_KAFKA_51" name="TC_KAFKA_51_verifyBrokerUnderReplicatedPartitions" time="90.711"/>
</testsuite> <!-- com.qa.testcases.cluster.kafka.TC_KAFKA_51 -->
