<?xml version="1.0" encoding="UTF-8"?>
<!-- Generated by org.testng.reporters.JUnitReportReporter -->
<testsuite hostname="DESKTOP-U7APJPA" failures="0" tests="1" name="com.qa.testcases.databricks.cost.chargeback.DC_39" time="49.568" errors="0" timestamp="05 Oct 2022 13:57:44 GMT" skipped="0">
  <testcase classname="com.qa.testcases.databricks.cost.chargeback.DC_39" name="TC_Cost_CB_39_ValidateClusterOnChargebackMatchesComputePageForSelectedUser" time="49.568"/>
</testsuite> <!-- com.qa.testcases.databricks.cost.chargeback.DC_39 -->
