<?xml version="1.0" encoding="UTF-8"?>
<!-- Generated by org.testng.reporters.JUnitReportReporter -->
<testsuite hostname="DESKTOP-U7APJPA" failures="0" tests="1" name="com.qa.iris.om.addorder.TC_OM_AddOrder_04" time="78.876" errors="0" timestamp="2023-11-08T22:53:22 IST" skipped="0">
  <testcase classname="com.qa.iris.om.addorder.TC_OM_AddOrder_04" name="TC_OM_AddOrder_04_editNewOrder" time="78.876"/>
  <system-out/>
</testsuite> <!-- com.qa.iris.om.addorder.TC_OM_AddOrder_04 -->
