<?xml version="1.0" encoding="UTF-8"?>
<!-- Generated by org.testng.reporters.JUnitReportReporter -->
<testsuite hostname="DESKTOP-U7APJPA" failures="0" tests="1" name="com.qa.iris.om.addorder.TC_OM_AddOrder_08" time="101.614" errors="0" timestamp="2023-11-09T19:28:13 IST" skipped="0">
  <testcase classname="com.qa.iris.om.addorder.TC_OM_AddOrder_08" name="TC_OM_AddOrder_08_deleteExistingLineItem" time="101.614"/>
  <system-out/>
</testsuite> <!-- com.qa.iris.om.addorder.TC_OM_AddOrder_08 -->
