<?xml version="1.0" encoding="UTF-8"?>
<!-- Generated by org.testng.reporters.JUnitReportReporter -->
<testsuite hostname="DESKTOP-U7APJPA" failures="0" tests="1" name="com.qa.iris.om.addorder.TC_OM_AddOrder_02" time="44.799" errors="0" timestamp="2023-11-08T22:48:58 IST" skipped="0">
  <testcase classname="com.qa.iris.om.addorder.TC_OM_AddOrder_02" name="TC_OM_AddOrder_02_verifyAddOrderAddressDetailPage" time="44.799"/>
  <system-out/>
</testsuite> <!-- com.qa.iris.om.addorder.TC_OM_AddOrder_02 -->
