<?xml version="1.0" encoding="UTF-8"?>
<!-- Generated by org.testng.reporters.JUnitReportReporter -->
<testsuite hostname="DESKTOP-U7APJPA" failures="0" tests="1" name="com.qa.testcases.databricks.reports.archived.TA_09" time="7.528" errors="0" timestamp="16 Jun 2022 14:03:38 GMT" skipped="0">
  <testcase classname="com.qa.testcases.databricks.reports.archived.TA_09" name="AR_Reports_09_SortArchivedReportByName" time="7.528"/>
</testsuite> <!-- com.qa.testcases.databricks.reports.archived.TA_09 -->
