<?xml version="1.0" encoding="UTF-8"?>
<!-- Generated by org.testng.reporters.JUnitReportReporter -->
<testsuite hostname="DESKTOP-U7APJPA" failures="0" tests="1" name="com.qa.iris.om.addorder.TC_OM_AddOrder_01" time="44.844" errors="0" timestamp="2023-11-08T22:47:46 IST" skipped="0">
  <testcase classname="com.qa.iris.om.addorder.TC_OM_AddOrder_01" name="TC_OM_AddOrder_01_verifyAddOrderMasterDetailPage" time="44.844"/>
  <system-out/>
</testsuite> <!-- com.qa.iris.om.addorder.TC_OM_AddOrder_01 -->
