<?xml version="1.0" encoding="UTF-8"?>
<!-- Generated by org.testng.reporters.JUnitReportReporter -->
<testsuite hostname="DESKTOP-U7APJPA" failures="0" tests="1" name="com.qa.iris.om.addorder.TC_OM_AddOrder_05" time="46.291" errors="0" timestamp="2023-11-08T22:54:24 IST" skipped="0">
  <testcase classname="com.qa.iris.om.addorder.TC_OM_AddOrder_05" name="TC_OM_AddOrder_05_deleteNewOrder" time="46.291"/>
  <system-out/>
</testsuite> <!-- com.qa.iris.om.addorder.TC_OM_AddOrder_05 -->
