<?xml version="1.0" encoding="UTF-8"?>
<!-- Generated by org.testng.reporters.JUnitReportReporter -->
<testsuite skipped="5" hostname="ankurjais" name="com.qa.testcases.LoginPageTest" tests="5" failures="0" timestamp="27 Aug 2020 08:48:07 GMT" time="0.000" errors="0">
  <testcase name="verifygetTitlePage" time="0.000" classname="com.qa.testcases.LoginPageTest">
    <skipped/>
  </testcase> <!-- verifygetTitlePage -->
  <testcase name="verifyHeadLogoTest" time="0.000" classname="com.qa.testcases.LoginPageTest">
    <skipped/>
  </testcase> <!-- verifyHeadLogoTest -->
  <testcase name="verifynameOnLogoImage" time="0.000" classname="com.qa.testcases.LoginPageTest">
    <skipped/>
  </testcase> <!-- verifynameOnLogoImage -->
  <testcase name="clickOnSignInTest" time="0.000" classname="com.qa.testcases.LoginPageTest">
    <skipped/>
  </testcase> <!-- clickOnSignInTest -->
  <testcase name="verifyLogoTest" classname="com.qa.testcases.LoginPageTest">
    <skipped/>
  </testcase> <!-- verifyLogoTest -->
</testsuite> <!-- com.qa.testcases.LoginPageTest -->
