<?xml version="1.0" encoding="UTF-8"?>
<!-- Generated by org.testng.reporters.JUnitReportReporter -->
<testsuite skipped="0" hostname="ankurjais" name="com.qa.testcases.cluster.overview.TC_CO_07" tests="1" failures="0" timestamp="27 Aug 2020 15:39:01 GMT" time="3.930" errors="0">
  <testcase name="TC_CO_07_verifyClusterOverviewForDifferentCluster" time="3.930" classname="com.qa.testcases.cluster.overview.TC_CO_07"/>
</testsuite> <!-- com.qa.testcases.cluster.overview.TC_CO_07 -->
