<?xml version="1.0" encoding="UTF-8"?>
<!-- Generated by org.testng.reporters.JUnitReportReporter -->
<testsuite skipped="0" hostname="ankurjais" name="com.qa.testcases.cluster.overview.TC_CO_11" tests="2" failures="0" timestamp="27 Aug 2020 15:39:01 GMT" time="29.722" errors="0">
  <testcase name="TC_CO_11_verifyMemoryGraph" time="15.174" classname="com.qa.testcases.cluster.overview.TC_CO_11"/>
  <testcase name="TC_CO_11_verifyMemoryGraph" time="14.548" classname="com.qa.testcases.cluster.overview.TC_CO_11"/>
</testsuite> <!-- com.qa.testcases.cluster.overview.TC_CO_11 -->
