<?xml version="1.0" encoding="UTF-8"?>
<!-- Generated by org.testng.reporters.JUnitReportReporter -->
<testsuite skipped="5" hostname="ankurjais" name="com.qa.testcases.HomePageTest" tests="5" failures="0" timestamp="27 Aug 2020 08:48:07 GMT" time="0.000" errors="0">
  <testcase name="verifyAllTextOnDropDownMenuTest" time="0.000" classname="com.qa.testcases.HomePageTest">
    <skipped/>
  </testcase> <!-- verifyAllTextOnDropDownMenuTest -->
  <testcase name="verifydashBoardEnable" time="0.000" classname="com.qa.testcases.HomePageTest">
    <skipped/>
  </testcase> <!-- verifydashBoardEnable -->
  <testcase name="verifygetLoggedUserName" time="0.000" classname="com.qa.testcases.HomePageTest">
    <skipped/>
  </testcase> <!-- verifygetLoggedUserName -->
  <testcase name="veifySearchText" classname="com.qa.testcases.HomePageTest">
    <skipped/>
  </testcase> <!-- veifySearchText -->
  <testcase name="verifyLogoutUser" classname="com.qa.testcases.HomePageTest">
    <skipped/>
  </testcase> <!-- verifyLogoutUser -->
</testsuite> <!-- com.qa.testcases.HomePageTest -->
