<?xml version="1.0" encoding="UTF-8"?>
<!-- Generated by org.testng.reporters.JUnitReportReporter -->
<testsuite skipped="0" hostname="ankurjais" name="com.qa.testcases.cluster.impala.chargeback.TC_CB_06" tests="1" failures="0" timestamp="27 Aug 2020 15:39:01 GMT" time="24.454" errors="0">
  <testcase name="TC_CB_06_VerifyCustomDateRange" time="24.454" classname="com.qa.testcases.cluster.impala.chargeback.TC_CB_06"/>
</testsuite> <!-- com.qa.testcases.cluster.impala.chargeback.TC_CB_06 -->
