<?xml version="1.0" encoding="UTF-8"?>
<!-- Generated by org.testng.reporters.JUnitReportReporter -->
<testsuite skipped="0" hostname="ankurjais" name="com.qa.testcases.cluster.impala.chargeback.TC_CB_01" tests="1" failures="0" timestamp="27 Aug 2020 15:39:01 GMT" time="28.495" errors="0">
  <testcase name="TC_CB_01_VerifyImpalaChargeBackPage" time="28.495" classname="com.qa.testcases.cluster.impala.chargeback.TC_CB_01"/>
</testsuite> <!-- com.qa.testcases.cluster.impala.chargeback.TC_CB_01 -->
